<?xml version="1.0" encoding="UTF-8"?>
<!-- Generated by org.testng.reporters.JUnitReportReporter -->
<testsuite hostname="DESKTOP-8KP40EG" failures="0" tests="4" name="testCases.TC_001_AccountRegistrationTest" time="15.740" errors="0" timestamp="2024-08-30T21:27:34 IST" skipped="0">
  <testcase classname="testCases.TC_001_AccountRegistrationTest" name="verifyRegisterAnAccountWithMandatoryFields" time="3.924"/>
  <testcase classname="testCases.TC_001_AccountRegistrationTest" name="verifyRegisteringAccountWithAllTheFields" time="5.198"/>
  <testcase classname="testCases.TC_001_AccountRegistrationTest" name="verifyRegisteringAccountWithExistingEmailAddress" time="3.698"/>
  <testcase classname="testCases.TC_001_AccountRegistrationTest" name="verifyRegisteringAccountWithoutFillingAnyDetails" time="2.920"/>
</testsuite> <!-- testCases.TC_001_AccountRegistrationTest -->
