<?xml version="1.0" encoding="UTF-8"?>
<!-- Generated by org.testng.reporters.JUnitReportReporter -->
<testsuite hostname="DESKTOP-8KP40EG" failures="0" tests="7" name="testCases.TC_002_LoginPageTest" time="20.521" errors="0" timestamp="2024-10-01T16:14:19 IST" skipped="0">
  <testcase classname="testCases.TC_002_LoginPageTest" name="verifyLoginWithValidCredentials" time="2.987"/>
  <testcase classname="testCases.TC_002_LoginPageTest" name="verifyLoginWithValidCredentials" time="2.989"/>
  <testcase classname="testCases.TC_002_LoginPageTest" name="verifyLoginWithValidCredentials" time="3.218"/>
  <testcase classname="testCases.TC_002_LoginPageTest" name="veriifyLoginWithInValidCredentials" time="2.962"/>
  <testcase classname="testCases.TC_002_LoginPageTest" name="verifyInvalidEmailAddressValidPasswordCredentials" time="2.841"/>
  <testcase classname="testCases.TC_002_LoginPageTest" name="VerifyValidEmailAddressInvalidPassword" time="2.828"/>
  <testcase classname="testCases.TC_002_LoginPageTest" name="VerifyLoginWithoutProvidingCredentials" time="2.696"/>
</testsuite> <!-- testCases.TC_002_LoginPageTest -->
