<?xml version="1.0" encoding="UTF-8"?>
<!-- Generated by org.testng.reporters.JUnitReportReporter -->
<testsuite hostname="DESKTOP-8KP40EG" failures="0" tests="7" name="testCases.TC_002_LoginPageTest" time="22.122" errors="0" timestamp="2024-08-30T21:27:34 IST" skipped="0">
  <testcase classname="testCases.TC_002_LoginPageTest" name="verifyLoginWithValidCredentials" time="3.279"/>
  <testcase classname="testCases.TC_002_LoginPageTest" name="verifyLoginWithValidCredentials" time="3.074"/>
  <testcase classname="testCases.TC_002_LoginPageTest" name="verifyLoginWithValidCredentials" time="3.091"/>
  <testcase classname="testCases.TC_002_LoginPageTest" name="veriifyLoginWithInValidCredentials" time="3.239"/>
  <testcase classname="testCases.TC_002_LoginPageTest" name="verifyInvalidEmailAddressValidPasswordCredentials" time="3.226"/>
  <testcase classname="testCases.TC_002_LoginPageTest" name="VerifyValidEmailAddressInvalidPassword" time="3.207"/>
  <testcase classname="testCases.TC_002_LoginPageTest" name="VerifyLoginWithoutProvidingCredentials" time="3.006"/>
</testsuite> <!-- testCases.TC_002_LoginPageTest -->
