<?xml version="1.0" encoding="UTF-8"?>
<!-- Generated by org.testng.reporters.JUnitReportReporter -->
<testsuite hostname="DESKTOP-8KP40EG" failures="0" tests="3" name="testCases.TC_003_SearchTest" time="8.660" errors="0" timestamp="2024-10-01T16:14:19 IST" skipped="0">
  <testcase classname="testCases.TC_003_SearchTest" name="verifySearchWithValidProduct" time="2.436"/>
  <testcase classname="testCases.TC_003_SearchTest" name="VerifySearchWithInValidProduct" time="3.790"/>
  <testcase classname="testCases.TC_003_SearchTest" name="verifySearchWithoutAnyProduct" time="2.434"/>
</testsuite> <!-- testCases.TC_003_SearchTest -->
