<?xml version="1.0" encoding="UTF-8"?>
<!-- Generated by org.testng.reporters.JUnitReportReporter -->
<testsuite hostname="DESKTOP-8KP40EG" failures="0" tests="4" name="testCases.TC_001_AccountRegistrationTest" time="14.594" errors="0" timestamp="2024-10-01T16:14:19 IST" skipped="0">
  <testcase classname="testCases.TC_001_AccountRegistrationTest" name="verifyRegisterAnAccountWithMandatoryFields" time="4.209"/>
  <testcase classname="testCases.TC_001_AccountRegistrationTest" name="verifyRegisteringAccountWithAllTheFields" time="3.921"/>
  <testcase classname="testCases.TC_001_AccountRegistrationTest" name="verifyRegisteringAccountWithExistingEmailAddress" time="3.492"/>
  <testcase classname="testCases.TC_001_AccountRegistrationTest" name="verifyRegisteringAccountWithoutFillingAnyDetails" time="2.972"/>
</testsuite> <!-- testCases.TC_001_AccountRegistrationTest -->
