<?xml version="1.0" encoding="UTF-8"?>
<!-- Generated by org.testng.reporters.JUnitReportReporter -->
<testsuite hostname="DESKTOP-8KP40EG" failures="0" tests="3" name="testCases.TC_003_SearchTest" time="9.086" errors="0" timestamp="2024-08-30T21:27:34 IST" skipped="0">
  <testcase classname="testCases.TC_003_SearchTest" name="verifySearchWithValidProduct" time="2.505"/>
  <testcase classname="testCases.TC_003_SearchTest" name="VerifySearchWithInValidProduct" time="3.977"/>
  <testcase classname="testCases.TC_003_SearchTest" name="verifySearchWithoutAnyProduct" time="2.604"/>
</testsuite> <!-- testCases.TC_003_SearchTest -->
