<?xml version="1.0" encoding="UTF-8"?>
<!-- Generated by org.testng.reporters.JUnitReportReporter -->
<testsuite hostname="DESKTOP-8KP40EG" failures="0" tests="3" name="testCases.TC_003_SearchTest" time="7.420" errors="0" timestamp="2024-09-01T11:33:40 IST" skipped="0">
  <testcase classname="testCases.TC_003_SearchTest" name="verifySearchWithValidProduct" time="2.226"/>
  <testcase classname="testCases.TC_003_SearchTest" name="VerifySearchWithInValidProduct" time="2.953"/>
  <testcase classname="testCases.TC_003_SearchTest" name="verifySearchWithoutAnyProduct" time="2.241"/>
</testsuite> <!-- testCases.TC_003_SearchTest -->
